[22:22:56] [main/INFO]: Loaded 0 recipes
[22:22:57] [Server thread/INFO]: Starting minecraft server version 1.13.2
[22:22:57] [Server thread/INFO]: Loading properties
[22:22:57] [Server thread/INFO]: Default game type: SURVIVAL
[22:22:57] [Server thread/INFO]: Generating keypair
[22:22:59] [Server thread/INFO]: Starting Minecraft server on *:25565
[22:23:00] [Server thread/INFO]: Using epoll channel type
[22:23:05] [Server thread/INFO]: This server is running CraftBukkit version git-Bukkit-84f3da3 (MC: 1.13.2) (Implementing API version 1.13.2-R0.1-SNAPSHOT)
[22:23:07] [Server thread/INFO]: Preparing level "world"
[22:23:08] [Server thread/INFO]: Found new data pack file/bukkit, loading it automatically
[22:23:08] [Server thread/INFO]: Found new data pack vanilla, loading it automatically
[22:23:08] [Server thread/INFO]: Reloading ResourceManager: Default, bukkit
[22:23:12] [Server thread/INFO]: Loaded 524 recipes
[22:24:03] [Server thread/INFO]: Preparing start region for level minecraft:overworld (Seed: -7340544276874874149)
[22:24:29] [Server thread/INFO]: Preparing spawn area: 4%
[22:24:34] [Server thread/INFO]: Preparing spawn area: 8%
[22:24:40] [Server thread/INFO]: Preparing spawn area: 12%
[22:24:43] [Server thread/INFO]: Preparing spawn area: 16%
[22:24:47] [Server thread/INFO]: Preparing spawn area: 20%
[22:24:50] [Server thread/INFO]: Preparing spawn area: 24%
[22:24:57] [Server thread/INFO]: Preparing spawn area: 28%
[22:25:01] [Server thread/INFO]: Preparing spawn area: 32%
[22:25:06] [Server thread/INFO]: Preparing spawn area: 36%
[22:25:10] [Server thread/INFO]: Preparing spawn area: 40%
[22:25:14] [Server thread/INFO]: Preparing spawn area: 44%
[22:25:19] [Server thread/INFO]: Preparing spawn area: 48%
[22:25:23] [Server thread/INFO]: Preparing spawn area: 52%
[22:25:28] [Server thread/INFO]: Preparing spawn area: 56%
[22:25:33] [Server thread/INFO]: Preparing spawn area: 60%
[22:25:39] [Server thread/INFO]: Preparing spawn area: 64%
[22:25:47] [Server thread/INFO]: Preparing spawn area: 68%
[22:25:52] [Server thread/INFO]: Preparing spawn area: 72%
[22:25:54] [Server thread/INFO]: Preparing spawn area: 76%
[22:25:57] [Server thread/INFO]: Preparing spawn area: 80%
[22:26:00] [Server thread/INFO]: Preparing spawn area: 84%
[22:26:03] [Server thread/INFO]: Preparing spawn area: 88%
[22:26:06] [Server thread/INFO]: Preparing spawn area: 92%
[22:26:08] [Server thread/INFO]: Preparing spawn area: 96%
[22:26:11] [Server thread/INFO]: Preparing spawn area: 100%
[22:26:11] [Server thread/INFO]: Preparing start region for level minecraft:the_end (Seed: -7340544276874874149)
[22:26:11] [Server thread/INFO]: Preparing spawn area: 4%
[22:26:11] [Server thread/INFO]: Preparing spawn area: 8%
[22:26:11] [Server thread/INFO]: Preparing spawn area: 12%
[22:26:11] [Server thread/INFO]: Preparing spawn area: 16%
[22:26:11] [Server thread/INFO]: Preparing spawn area: 20%
[22:26:11] [Server thread/INFO]: Preparing spawn area: 24%
[22:26:12] [Server thread/INFO]: Preparing spawn area: 28%
[22:26:12] [Server thread/INFO]: Preparing spawn area: 32%
[22:26:12] [Server thread/INFO]: Preparing spawn area: 36%
[22:26:12] [Server thread/INFO]: Preparing spawn area: 40%
[22:26:12] [Server thread/INFO]: Preparing spawn area: 44%
[22:26:12] [Server thread/INFO]: Preparing spawn area: 48%
[22:26:13] [Server thread/INFO]: Preparing spawn area: 52%
[22:26:13] [Server thread/INFO]: Preparing spawn area: 56%
[22:26:13] [Server thread/INFO]: Preparing spawn area: 60%
[22:26:13] [Server thread/INFO]: Preparing spawn area: 64%
[22:26:13] [Server thread/INFO]: Preparing spawn area: 68%
[22:26:13] [Server thread/INFO]: Preparing spawn area: 72%
[22:26:13] [Server thread/INFO]: Preparing spawn area: 76%
[22:26:14] [Server thread/INFO]: Preparing spawn area: 80%
[22:26:14] [Server thread/INFO]: Preparing spawn area: 84%
[22:26:14] [Server thread/INFO]: Preparing spawn area: 88%
[22:26:14] [Server thread/INFO]: Preparing spawn area: 92%
[22:26:14] [Server thread/INFO]: Preparing spawn area: 96%
[22:26:14] [Server thread/INFO]: Preparing spawn area: 100%
[22:26:14] [Server thread/INFO]: Time elapsed: 131765 ms
[22:26:14] [Server thread/INFO]: Server permissions file permissions.yml is empty, ignoring it
[22:26:15] [Server thread/INFO]: Done (187.467s)! For help, type "help"
